25 May, 2015 12:06:12 PM org.apache.solr.servlet.SolrDispatchFilter init
INFO: SolrDispatchFilter.init()
25 May, 2015 12:06:12 PM org.apache.solr.core.SolrResourceLoader locateSolrHome
INFO: JNDI not configured for solr (NoInitialContextEx)
25 May, 2015 12:06:12 PM org.apache.solr.core.SolrResourceLoader locateSolrHome
INFO: using system property solr.solr.home: /var/www/healclick/solr
25 May, 2015 12:06:12 PM org.apache.solr.core.CoreContainer$Initializer initialize
INFO: looking for solr.xml: /var/www/healclick/solr/solr.xml
25 May, 2015 12:06:12 PM org.apache.solr.core.CoreContainer <init>
INFO: New CoreContainer 253747277
25 May, 2015 12:06:12 PM org.apache.solr.core.CoreContainer load
INFO: Loading CoreContainer using Solr Home: '/var/www/healclick/solr/'
25 May, 2015 12:06:12 PM org.apache.solr.core.SolrResourceLoader <init>
INFO: new SolrResourceLoader for directory: '/var/www/healclick/solr/'
25 May, 2015 12:06:12 PM org.apache.solr.handler.component.HttpShardHandlerFactory getParameter
INFO: Setting socketTimeout to: 0
25 May, 2015 12:06:12 PM org.apache.solr.handler.component.HttpShardHandlerFactory getParameter
INFO: Setting urlScheme to: http://
25 May, 2015 12:06:12 PM org.apache.solr.handler.component.HttpShardHandlerFactory getParameter
INFO: Setting connTimeout to: 0
25 May, 2015 12:06:12 PM org.apache.solr.handler.component.HttpShardHandlerFactory getParameter
INFO: Setting maxConnectionsPerHost to: 20
25 May, 2015 12:06:12 PM org.apache.solr.handler.component.HttpShardHandlerFactory getParameter
INFO: Setting corePoolSize to: 0
25 May, 2015 12:06:12 PM org.apache.solr.handler.component.HttpShardHandlerFactory getParameter
INFO: Setting maximumPoolSize to: 2147483647
25 May, 2015 12:06:12 PM org.apache.solr.handler.component.HttpShardHandlerFactory getParameter
INFO: Setting maxThreadIdleTime to: 5
25 May, 2015 12:06:12 PM org.apache.solr.handler.component.HttpShardHandlerFactory getParameter
INFO: Setting sizeOfQueue to: -1
25 May, 2015 12:06:12 PM org.apache.solr.handler.component.HttpShardHandlerFactory getParameter
INFO: Setting fairnessPolicy to: false
25 May, 2015 12:06:12 PM org.apache.solr.client.solrj.impl.HttpClientUtil createClient
INFO: Creating new http client, config:maxConnectionsPerHost=20&maxConnections=10000&socketTimeout=0&connTimeout=0&retry=false
25 May, 2015 12:06:12 PM org.apache.solr.core.CoreContainer load
INFO: Registering Log Listener
25 May, 2015 12:06:12 PM org.apache.solr.core.CoreContainer create
INFO: Creating SolrCore 'default' using instanceDir: /var/www/healclick/solr/.
25 May, 2015 12:06:12 PM org.apache.solr.core.SolrResourceLoader <init>
INFO: new SolrResourceLoader for directory: '/var/www/healclick/solr/./'
25 May, 2015 12:06:12 PM org.apache.solr.core.CoreContainer create
INFO: Creating SolrCore 'development' using instanceDir: /var/www/healclick/solr/.
25 May, 2015 12:06:12 PM org.apache.solr.core.SolrResourceLoader <init>
INFO: new SolrResourceLoader for directory: '/var/www/healclick/solr/./'
25 May, 2015 12:06:12 PM org.apache.solr.core.CoreContainer create
INFO: Creating SolrCore 'test' using instanceDir: /var/www/healclick/solr/.
25 May, 2015 12:06:12 PM org.apache.solr.core.SolrResourceLoader <init>
INFO: new SolrResourceLoader for directory: '/var/www/healclick/solr/./'
25 May, 2015 12:06:13 PM org.apache.solr.core.SolrConfig <init>
INFO: Using Lucene MatchVersion: LUCENE_41
25 May, 2015 12:06:13 PM org.apache.solr.core.SolrConfig <init>
INFO: Using Lucene MatchVersion: LUCENE_41
25 May, 2015 12:06:13 PM org.apache.solr.core.SolrConfig <init>
INFO: Using Lucene MatchVersion: LUCENE_41
25 May, 2015 12:06:13 PM org.apache.solr.core.SolrConfig <init>
INFO: Loaded SolrConfig: solrconfig.xml
25 May, 2015 12:06:13 PM org.apache.solr.schema.IndexSchema readSchema
INFO: Reading Solr Schema
25 May, 2015 12:06:13 PM org.apache.solr.core.SolrConfig <init>
INFO: Loaded SolrConfig: solrconfig.xml
25 May, 2015 12:06:13 PM org.apache.solr.core.SolrConfig <init>
INFO: Loaded SolrConfig: solrconfig.xml
25 May, 2015 12:06:13 PM org.apache.solr.schema.IndexSchema readSchema
INFO: Reading Solr Schema
25 May, 2015 12:06:13 PM org.apache.solr.schema.IndexSchema readSchema
INFO: Reading Solr Schema
25 May, 2015 12:06:13 PM org.apache.solr.schema.IndexSchema readSchema
INFO: Schema name=sunspot
25 May, 2015 12:06:13 PM org.apache.solr.schema.IndexSchema readSchema
INFO: Schema name=sunspot
25 May, 2015 12:06:13 PM org.apache.solr.schema.IndexSchema readSchema
INFO: Schema name=sunspot
25 May, 2015 12:06:13 PM org.apache.solr.schema.IndexSchema readSchema
INFO: default search field in schema is text
25 May, 2015 12:06:13 PM org.apache.solr.schema.IndexSchema readSchema
INFO: query parser default operator is AND
25 May, 2015 12:06:13 PM org.apache.solr.schema.IndexSchema readSchema
INFO: default search field in schema is text
25 May, 2015 12:06:13 PM org.apache.solr.schema.IndexSchema readSchema
INFO: default search field in schema is text
25 May, 2015 12:06:13 PM org.apache.solr.schema.IndexSchema readSchema
INFO: unique key field: id
25 May, 2015 12:06:13 PM org.apache.solr.schema.IndexSchema readSchema
INFO: query parser default operator is AND
25 May, 2015 12:06:13 PM org.apache.solr.schema.IndexSchema readSchema
INFO: query parser default operator is AND
25 May, 2015 12:06:13 PM org.apache.solr.schema.IndexSchema readSchema
INFO: unique key field: id
25 May, 2015 12:06:13 PM org.apache.solr.schema.IndexSchema readSchema
INFO: unique key field: id
25 May, 2015 12:06:13 PM org.apache.solr.core.SolrCore <init>
INFO: [default] Opening new SolrCore at /var/www/healclick/solr/./, dataDir=/var/www/healclick/solr/./default/data/
25 May, 2015 12:06:13 PM org.apache.solr.core.SolrCore <init>
INFO: [development] Opening new SolrCore at /var/www/healclick/solr/./, dataDir=/var/www/healclick/solr/./development/data/
25 May, 2015 12:06:13 PM org.apache.solr.core.SolrCore <init>
INFO: [test] Opening new SolrCore at /var/www/healclick/solr/./, dataDir=/var/www/healclick/solr/./test/data/
25 May, 2015 12:06:13 PM org.apache.solr.core.SolrCore <init>
INFO: JMX monitoring not detected for core: development
25 May, 2015 12:06:13 PM org.apache.solr.core.SolrCore <init>
INFO: JMX monitoring not detected for core: default
25 May, 2015 12:06:13 PM org.apache.solr.core.SolrCore <init>
INFO: JMX monitoring not detected for core: test
25 May, 2015 12:06:13 PM org.apache.solr.core.SolrCore initDirectoryFactory
INFO: solr.NRTCachingDirectoryFactory
25 May, 2015 12:06:13 PM org.apache.solr.core.SolrCore initDirectoryFactory
INFO: solr.NRTCachingDirectoryFactory
25 May, 2015 12:06:13 PM org.apache.solr.core.SolrCore initDirectoryFactory
INFO: solr.NRTCachingDirectoryFactory
25 May, 2015 12:06:13 PM org.apache.solr.core.CachingDirectoryFactory get
INFO: return new directory for /var/www/healclick/solr/./default/data forceNew: false
25 May, 2015 12:06:13 PM org.apache.solr.core.CachingDirectoryFactory get
INFO: return new directory for /var/www/healclick/solr/./development/data forceNew: false
25 May, 2015 12:06:13 PM org.apache.solr.core.CachingDirectoryFactory get
INFO: return new directory for /var/www/healclick/solr/./test/data forceNew: false
25 May, 2015 12:06:13 PM org.apache.solr.core.SolrCore getNewIndexDir
INFO: New index directory detected: old=null new=/var/www/healclick/solr/./development/data/index/
25 May, 2015 12:06:13 PM org.apache.solr.core.SolrCore getNewIndexDir
INFO: New index directory detected: old=null new=/var/www/healclick/solr/./default/data/index/
25 May, 2015 12:06:13 PM org.apache.solr.core.SolrCore getNewIndexDir
INFO: New index directory detected: old=null new=/var/www/healclick/solr/./test/data/index/
25 May, 2015 12:06:13 PM org.apache.solr.core.SolrCore initIndex
WARNING: [development] Solr index directory '/var/www/healclick/solr/./development/data/index' doesn't exist. Creating new index...
25 May, 2015 12:06:13 PM org.apache.solr.core.SolrCore initIndex
WARNING: [test] Solr index directory '/var/www/healclick/solr/./test/data/index' doesn't exist. Creating new index...
25 May, 2015 12:06:13 PM org.apache.solr.core.CachingDirectoryFactory get
INFO: return new directory for /var/www/healclick/solr/./default/data/index forceNew: false
25 May, 2015 12:06:13 PM org.apache.solr.core.CachingDirectoryFactory get
INFO: return new directory for /var/www/healclick/solr/./development/data/index forceNew: false
25 May, 2015 12:06:13 PM org.apache.solr.core.CachingDirectoryFactory get
INFO: return new directory for /var/www/healclick/solr/./test/data/index forceNew: false
25 May, 2015 12:06:13 PM org.apache.solr.core.RequestHandlers initHandlersFromConfig
INFO: created /select: solr.SearchHandler
25 May, 2015 12:06:13 PM org.apache.solr.core.RequestHandlers initHandlersFromConfig
INFO: created /query: solr.SearchHandler
25 May, 2015 12:06:13 PM org.apache.solr.core.RequestHandlers initHandlersFromConfig
INFO: created /get: solr.RealTimeGetHandler
25 May, 2015 12:06:13 PM org.apache.solr.core.RequestHandlers initHandlersFromConfig
INFO: created /update: solr.UpdateRequestHandler
25 May, 2015 12:06:13 PM org.apache.solr.core.RequestHandlers initHandlersFromConfig
INFO: created /update/json: solr.JsonUpdateRequestHandler
25 May, 2015 12:06:13 PM org.apache.solr.core.RequestHandlers initHandlersFromConfig
INFO: created /update/csv: solr.CSVRequestHandler
25 May, 2015 12:06:13 PM org.apache.solr.core.RequestHandlers initHandlersFromConfig
INFO: adding lazy requestHandler: solr.extraction.ExtractingRequestHandler
25 May, 2015 12:06:13 PM org.apache.solr.core.RequestHandlers initHandlersFromConfig
INFO: created /update/extract: solr.extraction.ExtractingRequestHandler
25 May, 2015 12:06:13 PM org.apache.solr.core.RequestHandlers initHandlersFromConfig
INFO: adding lazy requestHandler: solr.FieldAnalysisRequestHandler
25 May, 2015 12:06:13 PM org.apache.solr.core.RequestHandlers initHandlersFromConfig
INFO: created /analysis/field: solr.FieldAnalysisRequestHandler
25 May, 2015 12:06:13 PM org.apache.solr.core.RequestHandlers initHandlersFromConfig
INFO: adding lazy requestHandler: solr.DocumentAnalysisRequestHandler
25 May, 2015 12:06:13 PM org.apache.solr.core.RequestHandlers initHandlersFromConfig
INFO: created /analysis/document: solr.DocumentAnalysisRequestHandler
25 May, 2015 12:06:13 PM org.apache.solr.core.RequestHandlers initHandlersFromConfig
INFO: created /admin/ping: solr.PingRequestHandler
25 May, 2015 12:06:13 PM org.apache.solr.core.RequestHandlers initHandlersFromConfig
INFO: created /debug/dump: solr.DumpRequestHandler
25 May, 2015 12:06:13 PM org.apache.solr.core.RequestHandlers initHandlersFromConfig
INFO: created /replication: solr.ReplicationHandler
25 May, 2015 12:06:13 PM org.apache.solr.core.RequestHandlers initHandlersFromConfig
INFO: created /mlt: solr.MoreLikeThisHandler
25 May, 2015 12:06:13 PM org.apache.solr.core.RequestHandlers initHandlersFromConfig
INFO: created /admin/: solr.admin.AdminHandlers
25 May, 2015 12:06:13 PM org.apache.solr.handler.loader.XMLLoader init
INFO: xsltCacheLifetimeSeconds=60
25 May, 2015 12:06:13 PM org.apache.solr.handler.loader.XMLLoader init
INFO: xsltCacheLifetimeSeconds=60
25 May, 2015 12:06:13 PM org.apache.solr.handler.loader.XMLLoader init
INFO: xsltCacheLifetimeSeconds=60
25 May, 2015 12:06:13 PM org.apache.solr.search.SolrIndexSearcher <init>
INFO: Opening Searcher@4e9647d6 main
25 May, 2015 12:06:13 PM org.apache.solr.update.CommitTracker <init>
INFO: Hard AutoCommit: if uncommited for 15000ms; 
25 May, 2015 12:06:13 PM org.apache.solr.update.CommitTracker <init>
INFO: Soft AutoCommit: if uncommited for 5000ms; 
25 May, 2015 12:06:13 PM org.apache.solr.handler.component.SpellCheckComponent inform
INFO: Initializing spell checkers
25 May, 2015 12:06:13 PM org.apache.solr.spelling.DirectSolrSpellChecker init
INFO: init: {name=default,field=name,classname=solr.DirectSolrSpellChecker,distanceMeasure=internal,accuracy=0.5,maxEdits=2,minPrefix=1,maxInspections=5,minQueryLength=4,maxQueryFrequency=0.01}
25 May, 2015 12:06:13 PM org.apache.solr.handler.component.SpellCheckComponent inform
INFO: No queryConverter defined, using default converter
25 May, 2015 12:06:13 PM org.apache.solr.handler.ReplicationHandler inform
INFO: Commits will be reserved for  10000
25 May, 2015 12:06:13 PM org.apache.solr.core.SolrCore registerSearcher
INFO: [default] Registered new searcher Searcher@4e9647d6 main{StandardDirectoryReader(segments_1:1)}
25 May, 2015 12:06:13 PM org.apache.solr.core.CoreContainer registerCore
INFO: registering core: default
25 May, 2015 12:06:13 PM org.apache.solr.core.SolrDeletionPolicy onCommit
INFO: SolrDeletionPolicy.onCommit: commits:num=1
	commit{dir=NRTCachingDirectory(org.apache.lucene.store.MMapDirectory@/var/www/healclick/solr/test/data/index lockFactory=org.apache.lucene.store.NativeFSLockFactory@2fd6e15d; maxCacheMB=48.0 maxMergeSizeMB=4.0),segFN=segments_1,generation=1,filenames=[segments_1]
25 May, 2015 12:06:13 PM org.apache.solr.core.SolrDeletionPolicy onCommit
INFO: SolrDeletionPolicy.onCommit: commits:num=1
	commit{dir=NRTCachingDirectory(org.apache.lucene.store.MMapDirectory@/var/www/healclick/solr/development/data/index lockFactory=org.apache.lucene.store.NativeFSLockFactory@4465b934; maxCacheMB=48.0 maxMergeSizeMB=4.0),segFN=segments_1,generation=1,filenames=[segments_1]
25 May, 2015 12:06:13 PM org.apache.solr.core.SolrDeletionPolicy updateCommits
INFO: newest commit = 1[segments_1]
25 May, 2015 12:06:13 PM org.apache.solr.core.SolrDeletionPolicy updateCommits
INFO: newest commit = 1[segments_1]
25 May, 2015 12:06:13 PM org.apache.solr.core.RequestHandlers initHandlersFromConfig
INFO: created /select: solr.SearchHandler
25 May, 2015 12:06:13 PM org.apache.solr.core.RequestHandlers initHandlersFromConfig
INFO: created /select: solr.SearchHandler
25 May, 2015 12:06:13 PM org.apache.solr.core.RequestHandlers initHandlersFromConfig
INFO: created /query: solr.SearchHandler
25 May, 2015 12:06:13 PM org.apache.solr.core.RequestHandlers initHandlersFromConfig
INFO: created /query: solr.SearchHandler
25 May, 2015 12:06:13 PM org.apache.solr.core.RequestHandlers initHandlersFromConfig
INFO: created /get: solr.RealTimeGetHandler
25 May, 2015 12:06:13 PM org.apache.solr.core.RequestHandlers initHandlersFromConfig
INFO: created /get: solr.RealTimeGetHandler
25 May, 2015 12:06:13 PM org.apache.solr.core.RequestHandlers initHandlersFromConfig
INFO: created /update: solr.UpdateRequestHandler
25 May, 2015 12:06:13 PM org.apache.solr.core.RequestHandlers initHandlersFromConfig
INFO: created /update: solr.UpdateRequestHandler
25 May, 2015 12:06:13 PM org.apache.solr.core.RequestHandlers initHandlersFromConfig
INFO: created /update/json: solr.JsonUpdateRequestHandler
25 May, 2015 12:06:13 PM org.apache.solr.core.RequestHandlers initHandlersFromConfig
INFO: created /update/json: solr.JsonUpdateRequestHandler
25 May, 2015 12:06:13 PM org.apache.solr.core.RequestHandlers initHandlersFromConfig
INFO: created /update/csv: solr.CSVRequestHandler
25 May, 2015 12:06:13 PM org.apache.solr.core.RequestHandlers initHandlersFromConfig
INFO: created /update/csv: solr.CSVRequestHandler
25 May, 2015 12:06:13 PM org.apache.solr.core.RequestHandlers initHandlersFromConfig
INFO: adding lazy requestHandler: solr.extraction.ExtractingRequestHandler
25 May, 2015 12:06:13 PM org.apache.solr.core.RequestHandlers initHandlersFromConfig
INFO: adding lazy requestHandler: solr.extraction.ExtractingRequestHandler
25 May, 2015 12:06:13 PM org.apache.solr.core.RequestHandlers initHandlersFromConfig
INFO: created /update/extract: solr.extraction.ExtractingRequestHandler
25 May, 2015 12:06:13 PM org.apache.solr.core.RequestHandlers initHandlersFromConfig
INFO: created /update/extract: solr.extraction.ExtractingRequestHandler
25 May, 2015 12:06:13 PM org.apache.solr.core.RequestHandlers initHandlersFromConfig
INFO: adding lazy requestHandler: solr.FieldAnalysisRequestHandler
25 May, 2015 12:06:13 PM org.apache.solr.core.RequestHandlers initHandlersFromConfig
INFO: adding lazy requestHandler: solr.FieldAnalysisRequestHandler
25 May, 2015 12:06:13 PM org.apache.solr.core.RequestHandlers initHandlersFromConfig
INFO: created /analysis/field: solr.FieldAnalysisRequestHandler
25 May, 2015 12:06:13 PM org.apache.solr.core.RequestHandlers initHandlersFromConfig
INFO: created /analysis/field: solr.FieldAnalysisRequestHandler
25 May, 2015 12:06:13 PM org.apache.solr.core.RequestHandlers initHandlersFromConfig
INFO: adding lazy requestHandler: solr.DocumentAnalysisRequestHandler
25 May, 2015 12:06:13 PM org.apache.solr.core.RequestHandlers initHandlersFromConfig
INFO: adding lazy requestHandler: solr.DocumentAnalysisRequestHandler
25 May, 2015 12:06:13 PM org.apache.solr.core.RequestHandlers initHandlersFromConfig
INFO: created /analysis/document: solr.DocumentAnalysisRequestHandler
25 May, 2015 12:06:13 PM org.apache.solr.core.RequestHandlers initHandlersFromConfig
INFO: created /analysis/document: solr.DocumentAnalysisRequestHandler
25 May, 2015 12:06:13 PM org.apache.solr.core.RequestHandlers initHandlersFromConfig
INFO: created /admin/ping: solr.PingRequestHandler
25 May, 2015 12:06:13 PM org.apache.solr.core.RequestHandlers initHandlersFromConfig
INFO: created /admin/ping: solr.PingRequestHandler
25 May, 2015 12:06:13 PM org.apache.solr.core.RequestHandlers initHandlersFromConfig
INFO: created /debug/dump: solr.DumpRequestHandler
25 May, 2015 12:06:13 PM org.apache.solr.core.RequestHandlers initHandlersFromConfig
INFO: created /debug/dump: solr.DumpRequestHandler
25 May, 2015 12:06:13 PM org.apache.solr.core.RequestHandlers initHandlersFromConfig
INFO: created /replication: solr.ReplicationHandler
25 May, 2015 12:06:13 PM org.apache.solr.core.RequestHandlers initHandlersFromConfig
INFO: created /replication: solr.ReplicationHandler
25 May, 2015 12:06:13 PM org.apache.solr.core.RequestHandlers initHandlersFromConfig
INFO: created /mlt: solr.MoreLikeThisHandler
25 May, 2015 12:06:13 PM org.apache.solr.core.RequestHandlers initHandlersFromConfig
INFO: created /mlt: solr.MoreLikeThisHandler
25 May, 2015 12:06:13 PM org.apache.solr.core.RequestHandlers initHandlersFromConfig
INFO: created /admin/: solr.admin.AdminHandlers
25 May, 2015 12:06:13 PM org.apache.solr.core.RequestHandlers initHandlersFromConfig
INFO: created /admin/: solr.admin.AdminHandlers
25 May, 2015 12:06:13 PM org.apache.solr.handler.loader.XMLLoader init
INFO: xsltCacheLifetimeSeconds=60
25 May, 2015 12:06:13 PM org.apache.solr.handler.loader.XMLLoader init
INFO: xsltCacheLifetimeSeconds=60
25 May, 2015 12:06:13 PM org.apache.solr.handler.loader.XMLLoader init
INFO: xsltCacheLifetimeSeconds=60
25 May, 2015 12:06:13 PM org.apache.solr.handler.loader.XMLLoader init
INFO: xsltCacheLifetimeSeconds=60
25 May, 2015 12:06:13 PM org.apache.solr.handler.loader.XMLLoader init
INFO: xsltCacheLifetimeSeconds=60
25 May, 2015 12:06:13 PM org.apache.solr.handler.loader.XMLLoader init
INFO: xsltCacheLifetimeSeconds=60
25 May, 2015 12:06:13 PM org.apache.solr.search.SolrIndexSearcher <init>
INFO: Opening Searcher@252c65db main
25 May, 2015 12:06:13 PM org.apache.solr.search.SolrIndexSearcher <init>
INFO: Opening Searcher@5d31fee main
25 May, 2015 12:06:13 PM org.apache.solr.update.CommitTracker <init>
INFO: Hard AutoCommit: if uncommited for 15000ms; 
25 May, 2015 12:06:13 PM org.apache.solr.update.CommitTracker <init>
INFO: Hard AutoCommit: if uncommited for 15000ms; 
25 May, 2015 12:06:13 PM org.apache.solr.update.CommitTracker <init>
INFO: Soft AutoCommit: if uncommited for 5000ms; 
25 May, 2015 12:06:13 PM org.apache.solr.update.CommitTracker <init>
INFO: Soft AutoCommit: if uncommited for 5000ms; 
25 May, 2015 12:06:13 PM org.apache.solr.handler.component.SpellCheckComponent inform
INFO: Initializing spell checkers
25 May, 2015 12:06:13 PM org.apache.solr.handler.component.SpellCheckComponent inform
INFO: Initializing spell checkers
25 May, 2015 12:06:13 PM org.apache.solr.spelling.DirectSolrSpellChecker init
INFO: init: {name=default,field=name,classname=solr.DirectSolrSpellChecker,distanceMeasure=internal,accuracy=0.5,maxEdits=2,minPrefix=1,maxInspections=5,minQueryLength=4,maxQueryFrequency=0.01}
25 May, 2015 12:06:13 PM org.apache.solr.spelling.DirectSolrSpellChecker init
INFO: init: {name=default,field=name,classname=solr.DirectSolrSpellChecker,distanceMeasure=internal,accuracy=0.5,maxEdits=2,minPrefix=1,maxInspections=5,minQueryLength=4,maxQueryFrequency=0.01}
25 May, 2015 12:06:13 PM org.apache.solr.handler.component.SpellCheckComponent inform
INFO: No queryConverter defined, using default converter
25 May, 2015 12:06:13 PM org.apache.solr.handler.component.SpellCheckComponent inform
INFO: No queryConverter defined, using default converter
25 May, 2015 12:06:13 PM org.apache.solr.handler.ReplicationHandler inform
INFO: Commits will be reserved for  10000
25 May, 2015 12:06:13 PM org.apache.solr.handler.ReplicationHandler inform
INFO: Commits will be reserved for  10000
25 May, 2015 12:06:13 PM org.apache.solr.core.SolrCore registerSearcher
INFO: [test] Registered new searcher Searcher@252c65db main{StandardDirectoryReader(segments_1:1)}
25 May, 2015 12:06:13 PM org.apache.solr.core.CoreContainer registerCore
INFO: registering core: development
25 May, 2015 12:06:13 PM org.apache.solr.core.CoreContainer registerCore
INFO: registering core: test
25 May, 2015 12:06:13 PM org.apache.solr.core.SolrCore registerSearcher
INFO: [development] Registered new searcher Searcher@5d31fee main{StandardDirectoryReader(segments_1:1)}
25 May, 2015 12:06:13 PM org.apache.solr.servlet.SolrDispatchFilter init
INFO: user.dir=/home/ourdesignz/.rvm/gems/ruby-2.2.1/gems/sunspot_solr-2.2.0/solr
25 May, 2015 12:06:13 PM org.apache.solr.servlet.SolrDispatchFilter init
INFO: SolrDispatchFilter.init() done
25 May, 2015 12:06:27 PM org.apache.solr.core.SolrDeletionPolicy onInit
INFO: SolrDeletionPolicy.onInit: commits:num=1
	commit{dir=NRTCachingDirectory(org.apache.lucene.store.MMapDirectory@/var/www/healclick/solr/development/data/index lockFactory=org.apache.lucene.store.NativeFSLockFactory@4465b934; maxCacheMB=48.0 maxMergeSizeMB=4.0),segFN=segments_1,generation=1,filenames=[segments_1]
25 May, 2015 12:06:27 PM org.apache.solr.core.SolrDeletionPolicy updateCommits
INFO: newest commit = 1[segments_1]
25 May, 2015 12:06:27 PM org.apache.solr.search.SolrIndexSearcher <init>
INFO: Opening Searcher@158b6810 realtime
25 May, 2015 12:06:27 PM org.apache.solr.update.processor.LogUpdateProcessor finish
INFO: [development] webapp=/solr path=/update params={wt=ruby} {deleteByQuery=type:User (-1502122645757362176)} 0 61
25 May, 2015 12:06:27 PM org.apache.solr.update.processor.LogUpdateProcessor finish
INFO: [development] webapp=/solr path=/update params={wt=ruby} {add=[User 1 (1502122646300524544), User 2 (1502122646318350336), User 3 (1502122646325690368), User 4 (1502122646326738944), User 5 (1502122646328836096), User 6 (1502122646330933248), User 7 (1502122646331981824), User 8 (1502122646333030400), User 9 (1502122646335127552), User 10 (1502122646340370432), ... (50 adds)]} 0 114
25 May, 2015 12:06:28 PM org.apache.solr.update.processor.LogUpdateProcessor finish
INFO: [development] webapp=/solr path=/update params={wt=ruby} {add=[User 53 (1502122646886678528), User 54 (1502122646889824256), User 55 (1502122646890872832), User 56 (1502122646891921408), User 57 (1502122646892969984), User 58 (1502122646894018560), User 59 (1502122646895067136), User 60 (1502122646897164288), User 61 (1502122646898212864), User 62 (1502122646900310016), ... (50 adds)]} 0 67
25 May, 2015 12:06:29 PM org.apache.solr.update.processor.LogUpdateProcessor finish
INFO: [development] webapp=/solr path=/update params={wt=ruby} {add=[User 103 (1502122647463395328), User 104 (1502122647464443904), User 105 (1502122647464443905), User 106 (1502122647465492480), User 107 (1502122647466541056), User 108 (1502122647467589632), User 109 (1502122647469686784), User 110 (1502122647471783936), User 111 (1502122647472832512), User 112 (1502122647473881088), ... (50 adds)]} 0 61
25 May, 2015 12:06:29 PM org.apache.solr.update.processor.LogUpdateProcessor finish
INFO: [development] webapp=/solr path=/update params={wt=ruby} {add=[User 153 (1502122648075763712), User 154 (1502122648076812288), User 155 (1502122648077860864), User 156 (1502122648077860865), User 157 (1502122648078909440), User 158 (1502122648078909441), User 159 (1502122648079958016), User 160 (1502122648081006592), User 161 (1502122648082055168), User 162 (1502122648082055169), ... (50 adds)]} 0 42
25 May, 2015 12:06:30 PM org.apache.solr.update.processor.LogUpdateProcessor finish
INFO: [development] webapp=/solr path=/update params={wt=ruby} {add=[User 205 (1502122648525602816), User 206 (1502122648526651392), User 207 (1502122648527699968), User 208 (1502122648529797120), User 209 (1502122648530845696), User 210 (1502122648530845697), User 211 (1502122648531894272), User 212 (1502122648531894273), User 213 (1502122648532942848), User 214 (1502122648533991424), ... (50 adds)]} 0 31
25 May, 2015 12:06:30 PM org.apache.solr.update.processor.LogUpdateProcessor finish
INFO: [development] webapp=/solr path=/update params={wt=ruby} {add=[User 256 (1502122649085542400), User 257 (1502122649086590976), User 258 (1502122649087639552), User 259 (1502122649088688128), User 260 (1502122649089736704), User 261 (1502122649089736705), User 262 (1502122649090785280), User 263 (1502122649090785281), User 264 (1502122649091833856), User 265 (1502122649091833857), ... (50 adds)]} 0 29
25 May, 2015 12:06:31 PM org.apache.solr.update.processor.LogUpdateProcessor finish
INFO: [development] webapp=/solr path=/update params={wt=ruby} {add=[User 306 (1502122649580470272), User 307 (1502122649581518848), User 308 (1502122649582567424), User 309 (1502122649582567425), User 310 (1502122649582567426), User 311 (1502122649583616000), User 312 (1502122649583616001), User 313 (1502122649584664576), User 314 (1502122649584664577), User 315 (1502122649585713152), ... (50 adds)]} 0 24
25 May, 2015 12:06:31 PM org.apache.solr.update.processor.LogUpdateProcessor finish
INFO: [development] webapp=/solr path=/update params={wt=ruby} {add=[User 356 (1502122649994657792), User 357 (1502122649995706368), User 358 (1502122649996754944), User 359 (1502122649996754945), User 360 (1502122649996754946), User 361 (1502122649996754947), User 362 (1502122649997803520), User 363 (1502122649997803521), User 364 (1502122649998852096), User 365 (1502122649998852097), ... (50 adds)]} 0 19
25 May, 2015 12:06:31 PM org.apache.solr.update.processor.LogUpdateProcessor finish
INFO: [development] webapp=/solr path=/update params={wt=ruby} {add=[User 406 (1502122650435059712), User 407 (1502122650436108288), User 408 (1502122650436108289), User 409 (1502122650436108290), User 410 (1502122650437156864), User 411 (1502122650437156865), User 412 (1502122650437156866), User 413 (1502122650438205440), User 414 (1502122650438205441), User 415 (1502122650439254016), ... (50 adds)]} 0 18
25 May, 2015 12:06:32 PM org.apache.solr.update.DirectUpdateHandler2 commit
INFO: start commit{,optimize=false,openSearcher=true,waitSearcher=true,expungeDeletes=false,softCommit=true,prepareCommit=false}
25 May, 2015 12:06:32 PM org.apache.solr.update.processor.LogUpdateProcessor finish
INFO: [development] webapp=/solr path=/update params={wt=ruby} {add=[User 456 (1502122651160674304), User 457 (1502122651161722880), User 458 (1502122651162771456), User 459 (1502122651162771457), User 460 (1502122651163820032), User 461 (1502122651164868608), User 462 (1502122651164868609), User 463 (1502122651165917184), User 464 (1502122651166965760), User 465 (1502122651166965761), ... (50 adds)]} 0 28
25 May, 2015 12:06:32 PM org.apache.solr.search.SolrIndexSearcher <init>
INFO: Opening Searcher@29275c79 main
25 May, 2015 12:06:32 PM org.apache.solr.update.DirectUpdateHandler2 commit
INFO: end_commit_flush
25 May, 2015 12:06:32 PM org.apache.solr.core.SolrCore registerSearcher
INFO: [development] Registered new searcher Searcher@29275c79 main{StandardDirectoryReader(segments_1:4:nrt _0(4.2):C450)}
25 May, 2015 12:06:32 PM org.apache.solr.update.processor.LogUpdateProcessor finish
INFO: [development] webapp=/solr path=/update params={wt=ruby} {add=[User 506 (1502122651643019264), User 507 (1502122651644067840), User 508 (1502122651644067841), User 509 (1502122651645116416), User 510 (1502122651645116417), User 511 (1502122651645116418), User 512 (1502122651646164992), User 513 (1502122651646164993), User 514 (1502122651646164994), User 515 (1502122651647213568), ... (50 adds)]} 0 14
25 May, 2015 12:06:37 PM org.apache.solr.update.DirectUpdateHandler2 commit
INFO: start commit{,optimize=false,openSearcher=true,waitSearcher=true,expungeDeletes=false,softCommit=true,prepareCommit=false}
25 May, 2015 12:06:37 PM org.apache.solr.search.SolrIndexSearcher <init>
INFO: Opening Searcher@3e469529 main
25 May, 2015 12:06:37 PM org.apache.solr.update.DirectUpdateHandler2 commit
INFO: end_commit_flush
25 May, 2015 12:06:37 PM org.apache.solr.core.SolrCore registerSearcher
INFO: [development] Registered new searcher Searcher@3e469529 main{StandardDirectoryReader(segments_1:5:nrt _0(4.2):C450 _1(4.2):C100)}
25 May, 2015 12:06:42 PM org.apache.solr.update.DirectUpdateHandler2 commit
INFO: start commit{,optimize=false,openSearcher=false,waitSearcher=true,expungeDeletes=false,softCommit=false,prepareCommit=false}
25 May, 2015 12:06:42 PM org.apache.solr.core.SolrDeletionPolicy onCommit
INFO: SolrDeletionPolicy.onCommit: commits:num=2
	commit{dir=NRTCachingDirectory(org.apache.lucene.store.MMapDirectory@/var/www/healclick/solr/development/data/index lockFactory=org.apache.lucene.store.NativeFSLockFactory@4465b934; maxCacheMB=48.0 maxMergeSizeMB=4.0),segFN=segments_1,generation=1,filenames=[segments_1]
	commit{dir=NRTCachingDirectory(org.apache.lucene.store.MMapDirectory@/var/www/healclick/solr/development/data/index lockFactory=org.apache.lucene.store.NativeFSLockFactory@4465b934; maxCacheMB=48.0 maxMergeSizeMB=4.0),segFN=segments_2,generation=2,filenames=[_1.nvm, _1_Lucene41_0.doc, _0.fnm, _0_Lucene41_0.pos, _1_Lucene41_0.tim, _1.nvd, _1_Lucene41_0.tip, _0.nvm, _1.fnm, _1.fdx, _1_Lucene41_0.pos, _1.fdt, _0_Lucene41_0.doc, _1.si, _0.nvd, segments_2, _0.fdx, _0.si, _0_Lucene41_0.tim, _0_Lucene41_0.tip, _0.fdt]
25 May, 2015 12:06:42 PM org.apache.solr.core.SolrDeletionPolicy updateCommits
INFO: newest commit = 2[_1.nvm, _1_Lucene41_0.doc, _0.fnm, _0_Lucene41_0.pos, _1_Lucene41_0.tim, _1.nvd, _1_Lucene41_0.tip, _0.nvm, _1.fnm, _1.fdx, _1_Lucene41_0.pos, _1.fdt, _0_Lucene41_0.doc, _1.si, _0.nvd, segments_2, _0.fdx, _0.si, _0_Lucene41_0.tim, _0_Lucene41_0.tip, _0.fdt]
25 May, 2015 12:06:42 PM org.apache.solr.update.DirectUpdateHandler2 commit
INFO: end_commit_flush
25 May, 2015 12:07:53 PM org.apache.solr.servlet.SolrDispatchFilter handleAdminRequest
INFO: [admin] webapp=null path=/admin/cores params={indexInfo=false&wt=json} status=0 QTime=1 
25 May, 2015 12:07:53 PM org.apache.solr.core.SolrCore execute
INFO: [default] webapp=/solr path=/admin/system params={wt=json} status=0 QTime=41 
25 May, 2015 12:08:01 PM org.apache.solr.core.SolrCore execute
INFO: [default] webapp=/solr path=/admin/logging params={since=0&wt=json} status=0 QTime=1 
25 May, 2015 12:08:05 PM org.apache.solr.servlet.SolrDispatchFilter handleAdminRequest
INFO: [admin] webapp=null path=/admin/cores params={wt=json} status=0 QTime=3 
25 May, 2015 12:08:05 PM org.apache.solr.servlet.SolrDispatchFilter handleAdminRequest
INFO: [admin] webapp=null path=/admin/cores params={wt=json} status=0 QTime=2 
25 May, 2015 12:08:07 PM org.apache.solr.core.SolrCore execute
INFO: [default] webapp=/solr path=/admin/properties params={wt=json} status=0 QTime=0 
25 May, 2015 12:08:09 PM org.apache.solr.core.SolrCore execute
INFO: [default] webapp=/solr path=/admin/threads params={wt=json} status=0 QTime=4 
25 May, 2015 12:09:05 PM org.apache.solr.update.processor.LogUpdateProcessor finish
INFO: [development] webapp=/solr path=/update params={wt=ruby} {add=[User 4012 (1502122811873820672)]} 0 1
25 May, 2015 12:09:05 PM org.apache.solr.update.processor.LogUpdateProcessor finish
INFO: [development] webapp=/solr path=/update params={wt=ruby} {add=[User 4012 (1502122811883257856)]} 0 0
25 May, 2015 12:09:05 PM org.apache.solr.update.processor.LogUpdateProcessor finish
INFO: [development] webapp=/solr path=/update params={wt=ruby} {add=[User 4012 (1502122812056272896)]} 0 1
25 May, 2015 12:09:05 PM org.apache.solr.update.processor.LogUpdateProcessor finish
INFO: [development] webapp=/solr path=/update params={wt=ruby} {add=[User 4012 (1502122812063612928)]} 0 0
25 May, 2015 12:09:06 PM org.apache.solr.update.DirectUpdateHandler2 commit
INFO: start commit{,optimize=false,openSearcher=true,waitSearcher=true,expungeDeletes=false,softCommit=false,prepareCommit=false}
25 May, 2015 12:09:06 PM org.apache.solr.core.SolrDeletionPolicy onCommit
INFO: SolrDeletionPolicy.onCommit: commits:num=2
	commit{dir=NRTCachingDirectory(org.apache.lucene.store.MMapDirectory@/var/www/healclick/solr/development/data/index lockFactory=org.apache.lucene.store.NativeFSLockFactory@4465b934; maxCacheMB=48.0 maxMergeSizeMB=4.0),segFN=segments_2,generation=2,filenames=[_1.nvm, _1_Lucene41_0.doc, _0.fnm, _0_Lucene41_0.pos, _1_Lucene41_0.tim, _1.nvd, _1_Lucene41_0.tip, _0.nvm, _1.fnm, _1.fdx, _1_Lucene41_0.pos, _1.fdt, _0_Lucene41_0.doc, _1.si, _0.nvd, segments_2, _0.fdx, _0.si, _0_Lucene41_0.tim, _0_Lucene41_0.tip, _0.fdt]
	commit{dir=NRTCachingDirectory(org.apache.lucene.store.MMapDirectory@/var/www/healclick/solr/development/data/index lockFactory=org.apache.lucene.store.NativeFSLockFactory@4465b934; maxCacheMB=48.0 maxMergeSizeMB=4.0),segFN=segments_3,generation=3,filenames=[_2.si, _1_Lucene41_0.doc, _0_Lucene41_0.pos, _1.fnm, _0.nvd, _0.si, _0_Lucene41_0.tim, _2_1.del, _0_Lucene41_0.tip, _1.nvm, _0.fnm, _1_Lucene41_0.tim, _1.nvd, _1_Lucene41_0.tip, _0.nvm, _2.cfs, _1_Lucene41_0.pos, _1.fdx, _0_Lucene41_0.doc, _1.fdt, _1.si, _0.fdx, _0.fdt, segments_3, _2.cfe]
25 May, 2015 12:09:06 PM org.apache.solr.core.SolrDeletionPolicy updateCommits
INFO: newest commit = 3[_2.si, _1_Lucene41_0.doc, _0_Lucene41_0.pos, _1.fnm, _0.nvd, _0.si, _0_Lucene41_0.tim, _2_1.del, _0_Lucene41_0.tip, _1.nvm, _0.fnm, _1_Lucene41_0.tim, _1.nvd, _1_Lucene41_0.tip, _0.nvm, _2.cfs, _1_Lucene41_0.pos, _1.fdx, _0_Lucene41_0.doc, _1.fdt, _1.si, _0.fdx, _0.fdt, segments_3, _2.cfe]
25 May, 2015 12:09:06 PM org.apache.solr.search.SolrIndexSearcher <init>
INFO: Opening Searcher@4de9150a main
25 May, 2015 12:09:06 PM org.apache.solr.update.DirectUpdateHandler2 commit
INFO: end_commit_flush
25 May, 2015 12:09:06 PM org.apache.solr.core.SolrCore registerSearcher
INFO: [development] Registered new searcher Searcher@4de9150a main{StandardDirectoryReader(segments_3:7:nrt _0(4.2):C450 _1(4.2):C100 _2(4.2):c4/3)}
25 May, 2015 12:09:06 PM org.apache.solr.update.processor.LogUpdateProcessor finish
INFO: [development] webapp=/solr path=/update params={wt=ruby} {commit=} 0 417
25 May, 2015 12:10:13 PM org.apache.solr.update.processor.LogUpdateProcessor finish
INFO: [development] webapp=/solr path=/update params={wt=ruby} {add=[User 4012 (1502122883262971904)]} 0 1
25 May, 2015 12:10:13 PM org.apache.solr.update.processor.LogUpdateProcessor finish
INFO: [development] webapp=/solr path=/update params={wt=ruby} {add=[User 4012 (1502122883277651968)]} 0 1
25 May, 2015 12:10:13 PM org.apache.solr.update.DirectUpdateHandler2 commit
INFO: start commit{,optimize=false,openSearcher=true,waitSearcher=true,expungeDeletes=false,softCommit=false,prepareCommit=false}
25 May, 2015 12:10:14 PM org.apache.solr.core.SolrDeletionPolicy onCommit
INFO: SolrDeletionPolicy.onCommit: commits:num=2
	commit{dir=NRTCachingDirectory(org.apache.lucene.store.MMapDirectory@/var/www/healclick/solr/development/data/index lockFactory=org.apache.lucene.store.NativeFSLockFactory@4465b934; maxCacheMB=48.0 maxMergeSizeMB=4.0),segFN=segments_3,generation=3,filenames=[_2.si, _1_Lucene41_0.doc, _0_Lucene41_0.pos, _1.fnm, _0.nvd, _0.si, _0_Lucene41_0.tim, _2_1.del, _0_Lucene41_0.tip, _1.nvm, _0.fnm, _1_Lucene41_0.tim, _1.nvd, _1_Lucene41_0.tip, _0.nvm, _2.cfs, _1_Lucene41_0.pos, _1.fdx, _0_Lucene41_0.doc, _1.fdt, _1.si, _0.fdx, _0.fdt, segments_3, _2.cfe]
	commit{dir=NRTCachingDirectory(org.apache.lucene.store.MMapDirectory@/var/www/healclick/solr/development/data/index lockFactory=org.apache.lucene.store.NativeFSLockFactory@4465b934; maxCacheMB=48.0 maxMergeSizeMB=4.0),segFN=segments_4,generation=4,filenames=[_1_Lucene41_0.doc, _0_Lucene41_0.pos, _1.fnm, _3_1.del, _0.nvd, _0.si, _0_Lucene41_0.tim, _0_Lucene41_0.tip, _1.nvm, _0.fnm, _3.cfs, _1_Lucene41_0.tim, _1.nvd, _1_Lucene41_0.tip, _0.nvm, _1_Lucene41_0.pos, _1.fdx, _0_Lucene41_0.doc, _1.fdt, _1.si, _0.fdx, _3.si, _3.cfe, _0.fdt, segments_4]
25 May, 2015 12:10:14 PM org.apache.solr.core.SolrDeletionPolicy updateCommits
INFO: newest commit = 4[_1_Lucene41_0.doc, _0_Lucene41_0.pos, _1.fnm, _3_1.del, _0.nvd, _0.si, _0_Lucene41_0.tim, _0_Lucene41_0.tip, _1.nvm, _0.fnm, _3.cfs, _1_Lucene41_0.tim, _1.nvd, _1_Lucene41_0.tip, _0.nvm, _1_Lucene41_0.pos, _1.fdx, _0_Lucene41_0.doc, _1.fdt, _1.si, _0.fdx, _3.si, _3.cfe, _0.fdt, segments_4]
25 May, 2015 12:10:14 PM org.apache.solr.search.SolrIndexSearcher <init>
INFO: Opening Searcher@613d77af main
25 May, 2015 12:10:14 PM org.apache.solr.update.DirectUpdateHandler2 commit
INFO: end_commit_flush
25 May, 2015 12:10:14 PM org.apache.solr.core.SolrCore registerSearcher
INFO: [development] Registered new searcher Searcher@613d77af main{StandardDirectoryReader(segments_4:11:nrt _0(4.2):C450 _1(4.2):C100 _3(4.2):c2/1)}
25 May, 2015 12:10:14 PM org.apache.solr.update.processor.LogUpdateProcessor finish
INFO: [development] webapp=/solr path=/update params={wt=ruby} {commit=} 0 208
25 May, 2015 12:11:32 PM org.apache.solr.update.processor.LogUpdateProcessor finish
INFO: [development] webapp=/solr path=/update params={wt=ruby} {add=[User 4012 (1502122965950529536)]} 0 1
25 May, 2015 12:11:32 PM org.apache.solr.update.processor.LogUpdateProcessor finish
INFO: [development] webapp=/solr path=/update params={wt=ruby} {add=[User 4012 (1502122965959966720)]} 0 1
25 May, 2015 12:11:32 PM org.apache.solr.update.DirectUpdateHandler2 commit
INFO: start commit{,optimize=false,openSearcher=true,waitSearcher=true,expungeDeletes=false,softCommit=false,prepareCommit=false}
25 May, 2015 12:11:32 PM org.apache.solr.core.SolrDeletionPolicy onCommit
INFO: SolrDeletionPolicy.onCommit: commits:num=2
	commit{dir=NRTCachingDirectory(org.apache.lucene.store.MMapDirectory@/var/www/healclick/solr/development/data/index lockFactory=org.apache.lucene.store.NativeFSLockFactory@4465b934; maxCacheMB=48.0 maxMergeSizeMB=4.0),segFN=segments_4,generation=4,filenames=[_1_Lucene41_0.doc, _0_Lucene41_0.pos, _1.fnm, _3_1.del, _0.nvd, _0.si, _0_Lucene41_0.tim, _0_Lucene41_0.tip, _1.nvm, _0.fnm, _3.cfs, _1_Lucene41_0.tim, _1.nvd, _1_Lucene41_0.tip, _0.nvm, _1_Lucene41_0.pos, _1.fdx, _0_Lucene41_0.doc, _1.fdt, _1.si, _0.fdx, _3.si, _3.cfe, _0.fdt, segments_4]
	commit{dir=NRTCachingDirectory(org.apache.lucene.store.MMapDirectory@/var/www/healclick/solr/development/data/index lockFactory=org.apache.lucene.store.NativeFSLockFactory@4465b934; maxCacheMB=48.0 maxMergeSizeMB=4.0),segFN=segments_5,generation=5,filenames=[_1_Lucene41_0.doc, _0_Lucene41_0.pos, _1.fnm, _4.cfs, _4.cfe, _0.nvd, _4_1.del, _0.si, _0_Lucene41_0.tim, _0_Lucene41_0.tip, _1.nvm, _0.fnm, _1_Lucene41_0.tim, _1.nvd, _1_Lucene41_0.tip, _4.si, _0.nvm, _1_Lucene41_0.pos, _1.fdx, _0_Lucene41_0.doc, _1.fdt, _1.si, _0.fdx, segments_5, _0.fdt]
25 May, 2015 12:11:32 PM org.apache.solr.core.SolrDeletionPolicy updateCommits
INFO: newest commit = 5[_1_Lucene41_0.doc, _0_Lucene41_0.pos, _1.fnm, _4.cfs, _4.cfe, _0.nvd, _4_1.del, _0.si, _0_Lucene41_0.tim, _0_Lucene41_0.tip, _1.nvm, _0.fnm, _1_Lucene41_0.tim, _1.nvd, _1_Lucene41_0.tip, _4.si, _0.nvm, _1_Lucene41_0.pos, _1.fdx, _0_Lucene41_0.doc, _1.fdt, _1.si, _0.fdx, segments_5, _0.fdt]
25 May, 2015 12:11:32 PM org.apache.solr.search.SolrIndexSearcher <init>
INFO: Opening Searcher@11f3f414 main
25 May, 2015 12:11:32 PM org.apache.solr.update.DirectUpdateHandler2 commit
INFO: end_commit_flush
25 May, 2015 12:11:32 PM org.apache.solr.core.SolrCore registerSearcher
INFO: [development] Registered new searcher Searcher@11f3f414 main{StandardDirectoryReader(segments_5:15:nrt _0(4.2):C450 _1(4.2):C100 _4(4.2):c2/1)}
25 May, 2015 12:11:32 PM org.apache.solr.update.processor.LogUpdateProcessor finish
INFO: [development] webapp=/solr path=/update params={wt=ruby} {commit=} 0 166
25 May, 2015 12:29:37 PM org.apache.solr.update.processor.LogUpdateProcessor finish
INFO: [development] webapp=/solr path=/update params={wt=ruby} {add=[User 4012 (1502124103897710592)]} 0 1
25 May, 2015 12:29:37 PM org.apache.solr.update.processor.LogUpdateProcessor finish
INFO: [development] webapp=/solr path=/update params={wt=ruby} {add=[User 4012 (1502124103910293504)]} 0 1
25 May, 2015 12:29:37 PM org.apache.solr.update.DirectUpdateHandler2 commit
INFO: start commit{,optimize=false,openSearcher=true,waitSearcher=true,expungeDeletes=false,softCommit=false,prepareCommit=false}
25 May, 2015 12:29:38 PM org.apache.solr.core.SolrDeletionPolicy onCommit
INFO: SolrDeletionPolicy.onCommit: commits:num=2
	commit{dir=NRTCachingDirectory(org.apache.lucene.store.MMapDirectory@/var/www/healclick/solr/development/data/index lockFactory=org.apache.lucene.store.NativeFSLockFactory@4465b934; maxCacheMB=48.0 maxMergeSizeMB=4.0),segFN=segments_5,generation=5,filenames=[_1_Lucene41_0.doc, _0_Lucene41_0.pos, _1.fnm, _4.cfs, _4.cfe, _0.nvd, _4_1.del, _0.si, _0_Lucene41_0.tim, _0_Lucene41_0.tip, _1.nvm, _0.fnm, _1_Lucene41_0.tim, _1.nvd, _1_Lucene41_0.tip, _4.si, _0.nvm, _1_Lucene41_0.pos, _1.fdx, _0_Lucene41_0.doc, _1.fdt, _1.si, _0.fdx, segments_5, _0.fdt]
	commit{dir=NRTCachingDirectory(org.apache.lucene.store.MMapDirectory@/var/www/healclick/solr/development/data/index lockFactory=org.apache.lucene.store.NativeFSLockFactory@4465b934; maxCacheMB=48.0 maxMergeSizeMB=4.0),segFN=segments_6,generation=6,filenames=[_1_Lucene41_0.doc, _0_Lucene41_0.pos, _5.cfs, _1.fnm, _0.nvd, _5.cfe, _0.si, _0_Lucene41_0.tim, _0_Lucene41_0.tip, _1.nvm, _0.fnm, _1_Lucene41_0.tim, _1.nvd, _1_Lucene41_0.tip, _0.nvm, _5.si, _1_Lucene41_0.pos, _1.fdx, _0_Lucene41_0.doc, _1.fdt, _1.si, _0.fdx, _5_1.del, segments_6, _0.fdt]
25 May, 2015 12:29:38 PM org.apache.solr.core.SolrDeletionPolicy updateCommits
INFO: newest commit = 6[_1_Lucene41_0.doc, _0_Lucene41_0.pos, _5.cfs, _1.fnm, _0.nvd, _5.cfe, _0.si, _0_Lucene41_0.tim, _0_Lucene41_0.tip, _1.nvm, _0.fnm, _1_Lucene41_0.tim, _1.nvd, _1_Lucene41_0.tip, _0.nvm, _5.si, _1_Lucene41_0.pos, _1.fdx, _0_Lucene41_0.doc, _1.fdt, _1.si, _0.fdx, _5_1.del, segments_6, _0.fdt]
25 May, 2015 12:29:38 PM org.apache.solr.search.SolrIndexSearcher <init>
INFO: Opening Searcher@45cdfe2 main
25 May, 2015 12:29:38 PM org.apache.solr.update.DirectUpdateHandler2 commit
INFO: end_commit_flush
25 May, 2015 12:29:38 PM org.apache.solr.core.SolrCore registerSearcher
INFO: [development] Registered new searcher Searcher@45cdfe2 main{StandardDirectoryReader(segments_6:19:nrt _0(4.2):C450 _1(4.2):C100 _5(4.2):c2/1)}
25 May, 2015 12:29:38 PM org.apache.solr.update.processor.LogUpdateProcessor finish
INFO: [development] webapp=/solr path=/update params={wt=ruby} {commit=} 0 209
25 May, 2015 12:51:34 PM org.apache.solr.update.processor.LogUpdateProcessor finish
INFO: [development] webapp=/solr path=/update params={wt=ruby} {add=[User 2 (1502125484417220608)]} 0 2
25 May, 2015 12:51:34 PM org.apache.solr.update.processor.LogUpdateProcessor finish
INFO: [development] webapp=/solr path=/update params={wt=ruby} {add=[User 2 (1502125484431900672)]} 0 1
25 May, 2015 12:51:39 PM org.apache.solr.update.DirectUpdateHandler2 commit
INFO: start commit{,optimize=false,openSearcher=true,waitSearcher=true,expungeDeletes=false,softCommit=true,prepareCommit=false}
25 May, 2015 12:51:39 PM org.apache.solr.search.SolrIndexSearcher <init>
INFO: Opening Searcher@7c5c5601 main
25 May, 2015 12:51:39 PM org.apache.solr.update.DirectUpdateHandler2 commit
INFO: end_commit_flush
25 May, 2015 12:51:39 PM org.apache.solr.core.SolrCore registerSearcher
INFO: [development] Registered new searcher Searcher@7c5c5601 main{StandardDirectoryReader(segments_6:22:nrt _0(4.2):C450/1 _1(4.2):C100 _5(4.2):c2/1 _6(4.2):c2/1)}
25 May, 2015 12:51:49 PM org.apache.solr.update.DirectUpdateHandler2 commit
INFO: start commit{,optimize=false,openSearcher=false,waitSearcher=true,expungeDeletes=false,softCommit=false,prepareCommit=false}
25 May, 2015 12:51:49 PM org.apache.solr.core.SolrDeletionPolicy onCommit
INFO: SolrDeletionPolicy.onCommit: commits:num=2
	commit{dir=NRTCachingDirectory(org.apache.lucene.store.MMapDirectory@/var/www/healclick/solr/development/data/index lockFactory=org.apache.lucene.store.NativeFSLockFactory@4465b934; maxCacheMB=48.0 maxMergeSizeMB=4.0),segFN=segments_6,generation=6,filenames=[_1_Lucene41_0.doc, _0_Lucene41_0.pos, _5.cfs, _1.fnm, _0.nvd, _5.cfe, _0.si, _0_Lucene41_0.tim, _0_Lucene41_0.tip, _1.nvm, _0.fnm, _1_Lucene41_0.tim, _1.nvd, _1_Lucene41_0.tip, _0.nvm, _5.si, _1_Lucene41_0.pos, _1.fdx, _0_Lucene41_0.doc, _1.fdt, _1.si, _0.fdx, _5_1.del, segments_6, _0.fdt]
	commit{dir=NRTCachingDirectory(org.apache.lucene.store.MMapDirectory@/var/www/healclick/solr/development/data/index lockFactory=org.apache.lucene.store.NativeFSLockFactory@4465b934; maxCacheMB=48.0 maxMergeSizeMB=4.0),segFN=segments_7,generation=7,filenames=[_7.fnm, segments_7, _7.nvd, _7.si, _7_Lucene41_0.tim, _7.fdx, _7_Lucene41_0.pos, _7_Lucene41_0.tip, _7.fdt, _7_Lucene41_0.doc, _7.nvm]
25 May, 2015 12:51:49 PM org.apache.solr.core.SolrDeletionPolicy updateCommits
INFO: newest commit = 7[_7.fnm, segments_7, _7.nvd, _7.si, _7_Lucene41_0.tim, _7.fdx, _7_Lucene41_0.pos, _7_Lucene41_0.tip, _7.fdt, _7_Lucene41_0.doc, _7.nvm]
25 May, 2015 12:51:49 PM org.apache.solr.search.SolrIndexSearcher <init>
INFO: Opening Searcher@18fe5942 realtime
25 May, 2015 12:51:49 PM org.apache.solr.update.DirectUpdateHandler2 commit
INFO: end_commit_flush
25 May, 2015 12:52:45 PM org.apache.solr.update.processor.LogUpdateProcessor finish
INFO: [development] webapp=/solr path=/update params={wt=ruby} {add=[User 2 (1502125558982508544)]} 0 2
25 May, 2015 12:52:45 PM org.apache.solr.update.processor.LogUpdateProcessor finish
INFO: [development] webapp=/solr path=/update params={wt=ruby} {add=[User 2 (1502125558999285760)]} 0 2
25 May, 2015 12:52:45 PM org.apache.solr.update.DirectUpdateHandler2 commit
INFO: start commit{,optimize=false,openSearcher=true,waitSearcher=true,expungeDeletes=false,softCommit=false,prepareCommit=false}
25 May, 2015 12:52:45 PM org.apache.solr.core.SolrDeletionPolicy onCommit
INFO: SolrDeletionPolicy.onCommit: commits:num=2
	commit{dir=NRTCachingDirectory(org.apache.lucene.store.MMapDirectory@/var/www/healclick/solr/development/data/index lockFactory=org.apache.lucene.store.NativeFSLockFactory@4465b934; maxCacheMB=48.0 maxMergeSizeMB=4.0),segFN=segments_7,generation=7,filenames=[_7.fnm, segments_7, _7.nvd, _7.si, _7_Lucene41_0.tim, _7.fdx, _7_Lucene41_0.pos, _7_Lucene41_0.tip, _7.fdt, _7_Lucene41_0.doc, _7.nvm]
	commit{dir=NRTCachingDirectory(org.apache.lucene.store.MMapDirectory@/var/www/healclick/solr/development/data/index lockFactory=org.apache.lucene.store.NativeFSLockFactory@4465b934; maxCacheMB=48.0 maxMergeSizeMB=4.0),segFN=segments_8,generation=8,filenames=[_7_1.del, _8.cfs, _7.si, _7_Lucene41_0.pos, _7.fdx, _8_1.del, _7.fdt, _8.si, _7.fnm, _8.cfe, segments_8, _7.nvd, _7_Lucene41_0.tim, _7_Lucene41_0.tip, _7.nvm, _7_Lucene41_0.doc]
25 May, 2015 12:52:45 PM org.apache.solr.core.SolrDeletionPolicy updateCommits
INFO: newest commit = 8[_7_1.del, _8.cfs, _7.si, _7_Lucene41_0.pos, _7.fdx, _8_1.del, _7.fdt, _8.si, _7.fnm, _8.cfe, segments_8, _7.nvd, _7_Lucene41_0.tim, _7_Lucene41_0.tip, _7.nvm, _7_Lucene41_0.doc]
25 May, 2015 12:52:45 PM org.apache.solr.search.SolrIndexSearcher <init>
INFO: Opening Searcher@677e7d2 main
25 May, 2015 12:52:45 PM org.apache.solr.update.DirectUpdateHandler2 commit
INFO: end_commit_flush
25 May, 2015 12:52:45 PM org.apache.solr.core.SolrCore registerSearcher
INFO: [development] Registered new searcher Searcher@677e7d2 main{StandardDirectoryReader(segments_8:27:nrt _7(4.2):C551/1 _8(4.2):c2/1)}
25 May, 2015 12:52:45 PM org.apache.solr.update.processor.LogUpdateProcessor finish
INFO: [development] webapp=/solr path=/update params={wt=ruby} {commit=} 0 206
25 May, 2015 12:53:15 PM org.apache.solr.update.processor.LogUpdateProcessor finish
INFO: [development] webapp=/solr path=/update params={wt=ruby} {add=[User 2 (1502125590062301184)]} 0 2
25 May, 2015 12:53:15 PM org.apache.solr.update.processor.LogUpdateProcessor finish
INFO: [development] webapp=/solr path=/update params={wt=ruby} {add=[User 2 (1502125590081175552)]} 0 1
25 May, 2015 12:53:16 PM org.apache.solr.update.DirectUpdateHandler2 commit
INFO: start commit{,optimize=false,openSearcher=true,waitSearcher=true,expungeDeletes=false,softCommit=false,prepareCommit=false}
25 May, 2015 12:53:17 PM org.apache.solr.core.SolrDeletionPolicy onCommit
INFO: SolrDeletionPolicy.onCommit: commits:num=2
	commit{dir=NRTCachingDirectory(org.apache.lucene.store.MMapDirectory@/var/www/healclick/solr/development/data/index lockFactory=org.apache.lucene.store.NativeFSLockFactory@4465b934; maxCacheMB=48.0 maxMergeSizeMB=4.0),segFN=segments_8,generation=8,filenames=[_7_1.del, _8.cfs, _7.si, _7_Lucene41_0.pos, _7.fdx, _8_1.del, _7.fdt, _8.si, _7.fnm, _8.cfe, segments_8, _7.nvd, _7_Lucene41_0.tim, _7_Lucene41_0.tip, _7.nvm, _7_Lucene41_0.doc]
	commit{dir=NRTCachingDirectory(org.apache.lucene.store.MMapDirectory@/var/www/healclick/solr/development/data/index lockFactory=org.apache.lucene.store.NativeFSLockFactory@4465b934; maxCacheMB=48.0 maxMergeSizeMB=4.0),segFN=segments_9,generation=9,filenames=[_7_1.del, _9.cfe, _7.si, _7_Lucene41_0.pos, _7.fdx, _7.fdt, segments_9, _7.fnm, _9.cfs, _7.nvd, _9_1.del, _7_Lucene41_0.tim, _9.si, _7_Lucene41_0.tip, _7.nvm, _7_Lucene41_0.doc]
25 May, 2015 12:53:17 PM org.apache.solr.core.SolrDeletionPolicy updateCommits
INFO: newest commit = 9[_7_1.del, _9.cfe, _7.si, _7_Lucene41_0.pos, _7.fdx, _7.fdt, segments_9, _7.fnm, _9.cfs, _7.nvd, _9_1.del, _7_Lucene41_0.tim, _9.si, _7_Lucene41_0.tip, _7.nvm, _7_Lucene41_0.doc]
25 May, 2015 12:53:17 PM org.apache.solr.search.SolrIndexSearcher <init>
INFO: Opening Searcher@76797c67 main
25 May, 2015 12:53:17 PM org.apache.solr.update.DirectUpdateHandler2 commit
INFO: end_commit_flush
25 May, 2015 12:53:17 PM org.apache.solr.core.SolrCore registerSearcher
INFO: [development] Registered new searcher Searcher@76797c67 main{StandardDirectoryReader(segments_9:31:nrt _7(4.2):C551/1 _9(4.2):c2/1)}
25 May, 2015 12:53:17 PM org.apache.solr.update.processor.LogUpdateProcessor finish
INFO: [development] webapp=/solr path=/update params={wt=ruby} {commit=} 0 301
25 May, 2015 12:53:18 PM org.apache.solr.update.processor.LogUpdateProcessor finish
INFO: [development] webapp=/solr path=/update params={wt=ruby} {add=[User 2 (1502125593129385984)]} 0 2
25 May, 2015 12:53:18 PM org.apache.solr.update.processor.LogUpdateProcessor finish
INFO: [development] webapp=/solr path=/update params={wt=ruby} {add=[User 2 (1502125593152454656)]} 0 2
25 May, 2015 12:53:23 PM org.apache.solr.update.DirectUpdateHandler2 commit
INFO: start commit{,optimize=false,openSearcher=true,waitSearcher=true,expungeDeletes=false,softCommit=true,prepareCommit=false}
25 May, 2015 12:53:23 PM org.apache.solr.search.SolrIndexSearcher <init>
INFO: Opening Searcher@6a86ad83 main
25 May, 2015 12:53:23 PM org.apache.solr.update.DirectUpdateHandler2 commit
INFO: end_commit_flush
25 May, 2015 12:53:23 PM org.apache.solr.core.SolrCore registerSearcher
INFO: [development] Registered new searcher Searcher@6a86ad83 main{StandardDirectoryReader(segments_9:35:nrt _7(4.2):C551/1 _a(4.2):c2/1)}
25 May, 2015 12:53:33 PM org.apache.solr.update.DirectUpdateHandler2 commit
INFO: start commit{,optimize=false,openSearcher=false,waitSearcher=true,expungeDeletes=false,softCommit=false,prepareCommit=false}
25 May, 2015 12:53:33 PM org.apache.solr.core.SolrDeletionPolicy onCommit
INFO: SolrDeletionPolicy.onCommit: commits:num=2
	commit{dir=NRTCachingDirectory(org.apache.lucene.store.MMapDirectory@/var/www/healclick/solr/development/data/index lockFactory=org.apache.lucene.store.NativeFSLockFactory@4465b934; maxCacheMB=48.0 maxMergeSizeMB=4.0),segFN=segments_9,generation=9,filenames=[_7_1.del, _9.cfe, _7.si, _7_Lucene41_0.pos, _7.fdx, _7.fdt, segments_9, _7.fnm, _9.cfs, _7.nvd, _9_1.del, _7_Lucene41_0.tim, _9.si, _7_Lucene41_0.tip, _7.nvm, _7_Lucene41_0.doc]
	commit{dir=NRTCachingDirectory(org.apache.lucene.store.MMapDirectory@/var/www/healclick/solr/development/data/index lockFactory=org.apache.lucene.store.NativeFSLockFactory@4465b934; maxCacheMB=48.0 maxMergeSizeMB=4.0),segFN=segments_a,generation=10,filenames=[_7_1.del, _a.cfs, segments_a, _a_1.del, _7.si, _7_Lucene41_0.pos, _7.fdx, _a.si, _7.fdt, _7.fnm, _a.cfe, _7.nvd, _7_Lucene41_0.tim, _7_Lucene41_0.tip, _7.nvm, _7_Lucene41_0.doc]
25 May, 2015 12:53:33 PM org.apache.solr.core.SolrDeletionPolicy updateCommits
INFO: newest commit = 10[_7_1.del, _a.cfs, segments_a, _a_1.del, _7.si, _7_Lucene41_0.pos, _7.fdx, _a.si, _7.fdt, _7.fnm, _a.cfe, _7.nvd, _7_Lucene41_0.tim, _7_Lucene41_0.tip, _7.nvm, _7_Lucene41_0.doc]
25 May, 2015 12:53:33 PM org.apache.solr.update.DirectUpdateHandler2 commit
INFO: end_commit_flush
